D:\MATLAB2015SETUP\BIN\CLANDMARK-MASTER\BUILD\LIBCLANDMARK\FLANDMARK.DIR\DEBUG\CTREEMAXSUMSOLVER.OBJ
D:\MATLAB2015SETUP\BIN\CLANDMARK-MASTER\BUILD\LIBCLANDMARK\FLANDMARK.DIR\DEBUG\CZEROLOSS.OBJ
D:\MATLAB2015SETUP\BIN\CLANDMARK-MASTER\BUILD\LIBCLANDMARK\FLANDMARK.DIR\DEBUG\CTABLELOSS.OBJ
D:\MATLAB2015SETUP\BIN\CLANDMARK-MASTER\BUILD\LIBCLANDMARK\FLANDMARK.DIR\DEBUG\CNORMALIZEDEUCLIDEANLOSS.OBJ
D:\MATLAB2015SETUP\BIN\CLANDMARK-MASTER\BUILD\LIBCLANDMARK\FLANDMARK.DIR\DEBUG\CDISPLACEMENTDEFORMATIONCOST.OBJ
D:\MATLAB2015SETUP\BIN\CLANDMARK-MASTER\BUILD\LIBCLANDMARK\FLANDMARK.DIR\DEBUG\CSPARSELBPAPPEARANCEMODEL.OBJ
D:\MATLAB2015SETUP\BIN\CLANDMARK-MASTER\BUILD\LIBCLANDMARK\FLANDMARK.DIR\DEBUG\CSPARSELBPFEATURES.OBJ
D:\MATLAB2015SETUP\BIN\CLANDMARK-MASTER\BUILD\LIBCLANDMARK\FLANDMARK.DIR\DEBUG\FLANDMARK.OBJ
D:\MATLAB2015SETUP\BIN\CLANDMARK-MASTER\BUILD\LIBCLANDMARK\FLANDMARK.DIR\DEBUG\VC110.PDB
D:\MATLAB2015SETUP\BIN\CLANDMARK-MASTER\BUILD\LIBCLANDMARK\CMAKEFILES\GENERATE.STAMP
D:\matlab2015setup\bin\clandmark-master\build\libclandmark\flandmark.dir\Debug\flandmark.vcxprojResolveAssemblyReference.cache
D:\matlab2015setup\bin\clandmark-master\build\libclandmark\flandmark.dir\Debug\CDisplacementDeformationCost.obj
D:\matlab2015setup\bin\clandmark-master\build\libclandmark\flandmark.dir\Debug\CNormalizedEuclideanLoss.obj
D:\matlab2015setup\bin\clandmark-master\build\libclandmark\flandmark.dir\Debug\CSparseLBPAppearanceModel.obj
D:\matlab2015setup\bin\clandmark-master\build\libclandmark\flandmark.dir\Debug\CSparseLBPFeatures.obj
D:\matlab2015setup\bin\clandmark-master\build\libclandmark\flandmark.dir\Debug\CTableLoss.obj
D:\matlab2015setup\bin\clandmark-master\build\libclandmark\flandmark.dir\Debug\CTreeMaxSumSolver.obj
D:\matlab2015setup\bin\clandmark-master\build\libclandmark\flandmark.dir\Debug\CZeroLoss.obj
D:\matlab2015setup\bin\clandmark-master\build\libclandmark\flandmark.dir\Debug\Flandmark.obj
D:\matlab2015setup\bin\clandmark-master\build\libclandmark\flandmark.dir\Debug\cl.command.1.tlog
D:\matlab2015setup\bin\clandmark-master\build\libclandmark\flandmark.dir\Debug\CL.read.1.tlog
D:\matlab2015setup\bin\clandmark-master\build\libclandmark\flandmark.dir\Debug\CL.write.1.tlog
D:\matlab2015setup\bin\clandmark-master\build\libclandmark\flandmark.dir\Debug\custombuild.command.1.tlog
D:\matlab2015setup\bin\clandmark-master\build\libclandmark\flandmark.dir\Debug\custombuild.read.1.tlog
D:\matlab2015setup\bin\clandmark-master\build\libclandmark\flandmark.dir\Debug\custombuild.write.1.tlog
D:\matlab2015setup\bin\clandmark-master\build\libclandmark\flandmark.dir\Debug\link.command.1.tlog
D:\matlab2015setup\bin\clandmark-master\build\libclandmark\flandmark.dir\Debug\link.read.1.tlog
D:\matlab2015setup\bin\clandmark-master\build\libclandmark\flandmark.dir\Debug\link.write.1.tlog
D:\matlab2015setup\bin\clandmark-master\build\libclandmark\flandmark.dir\Debug\vc110.pdb
