D:\MATLAB2015SETUP\BIN\CLANDMARK-MASTER\BUILD\LIBCLANDMARK\FLANDMARK.DIR\RELEASE\CTREEMAXSUMSOLVER.OBJ
D:\MATLAB2015SETUP\BIN\CLANDMARK-MASTER\BUILD\LIBCLANDMARK\FLANDMARK.DIR\RELEASE\CZEROLOSS.OBJ
D:\MATLAB2015SETUP\BIN\CLANDMARK-MASTER\BUILD\LIBCLANDMARK\FLANDMARK.DIR\RELEASE\CTABLELOSS.OBJ
D:\MATLAB2015SETUP\BIN\CLANDMARK-MASTER\BUILD\LIBCLANDMARK\FLANDMARK.DIR\RELEASE\CNORMALIZEDEUCLIDEANLOSS.OBJ
D:\MATLAB2015SETUP\BIN\CLANDMARK-MASTER\BUILD\LIBCLANDMARK\FLANDMARK.DIR\RELEASE\CDISPLACEMENTDEFORMATIONCOST.OBJ
D:\MATLAB2015SETUP\BIN\CLANDMARK-MASTER\BUILD\LIBCLANDMARK\FLANDMARK.DIR\RELEASE\CSPARSELBPAPPEARANCEMODEL.OBJ
D:\MATLAB2015SETUP\BIN\CLANDMARK-MASTER\BUILD\LIBCLANDMARK\FLANDMARK.DIR\RELEASE\CSPARSELBPFEATURES.OBJ
D:\MATLAB2015SETUP\BIN\CLANDMARK-MASTER\BUILD\LIBCLANDMARK\FLANDMARK.DIR\RELEASE\FLANDMARK.OBJ
D:\MATLAB2015SETUP\BIN\CLANDMARK-MASTER\BUILD\LIBCLANDMARK\CMAKEFILES\GENERATE.STAMP
D:\matlab2015setup\bin\clandmark-master\build\libclandmark\flandmark.dir\Release\flandmark.vcxprojResolveAssemblyReference.cache
D:\matlab2015setup\bin\clandmark-master\build\libclandmark\flandmark.dir\Release\CDisplacementDeformationCost.obj
D:\matlab2015setup\bin\clandmark-master\build\libclandmark\flandmark.dir\Release\CNormalizedEuclideanLoss.obj
D:\matlab2015setup\bin\clandmark-master\build\libclandmark\flandmark.dir\Release\CSparseLBPAppearanceModel.obj
D:\matlab2015setup\bin\clandmark-master\build\libclandmark\flandmark.dir\Release\CSparseLBPFeatures.obj
D:\matlab2015setup\bin\clandmark-master\build\libclandmark\flandmark.dir\Release\CTableLoss.obj
D:\matlab2015setup\bin\clandmark-master\build\libclandmark\flandmark.dir\Release\CTreeMaxSumSolver.obj
D:\matlab2015setup\bin\clandmark-master\build\libclandmark\flandmark.dir\Release\CZeroLoss.obj
D:\matlab2015setup\bin\clandmark-master\build\libclandmark\flandmark.dir\Release\Flandmark.obj
D:\matlab2015setup\bin\clandmark-master\build\libclandmark\flandmark.dir\Release\cl.command.1.tlog
D:\matlab2015setup\bin\clandmark-master\build\libclandmark\flandmark.dir\Release\CL.read.1.tlog
D:\matlab2015setup\bin\clandmark-master\build\libclandmark\flandmark.dir\Release\CL.write.1.tlog
D:\matlab2015setup\bin\clandmark-master\build\libclandmark\flandmark.dir\Release\custombuild.command.1.tlog
D:\matlab2015setup\bin\clandmark-master\build\libclandmark\flandmark.dir\Release\custombuild.read.1.tlog
D:\matlab2015setup\bin\clandmark-master\build\libclandmark\flandmark.dir\Release\custombuild.write.1.tlog
D:\matlab2015setup\bin\clandmark-master\build\libclandmark\flandmark.dir\Release\link.command.1.tlog
D:\matlab2015setup\bin\clandmark-master\build\libclandmark\flandmark.dir\Release\link.read.1.tlog
D:\matlab2015setup\bin\clandmark-master\build\libclandmark\flandmark.dir\Release\link.write.1.tlog
