D:\MATLAB2015SETUP\BIN\CLANDMARK-MASTER\BUILD\LIBCLANDMARK\CLANDMARK.DIR\RELEASE\CXMLINOUT.OBJ
D:\MATLAB2015SETUP\BIN\CLANDMARK-MASTER\BUILD\LIBCLANDMARK\CLANDMARK.DIR\RELEASE\CMAXSUMSOLVER.OBJ
D:\MATLAB2015SETUP\BIN\CLANDMARK-MASTER\BUILD\LIBCLANDMARK\CLANDMARK.DIR\RELEASE\CLOSS.OBJ
D:\MATLAB2015SETUP\BIN\CLANDMARK-MASTER\BUILD\LIBCLANDMARK\CLANDMARK.DIR\RELEASE\CDEFORMATIONCOST.OBJ
D:\MATLAB2015SETUP\BIN\CLANDMARK-MASTER\BUILD\LIBCLANDMARK\CLANDMARK.DIR\RELEASE\CAPPEARANCEMODEL.OBJ
D:\MATLAB2015SETUP\BIN\CLANDMARK-MASTER\BUILD\LIBCLANDMARK\CLANDMARK.DIR\RELEASE\CFEATURES.OBJ
D:\MATLAB2015SETUP\BIN\CLANDMARK-MASTER\BUILD\LIBCLANDMARK\CLANDMARK.DIR\RELEASE\CFEATUREPOOL.OBJ
D:\MATLAB2015SETUP\BIN\CLANDMARK-MASTER\BUILD\LIBCLANDMARK\CLANDMARK.DIR\RELEASE\CLANDMARK.OBJ
D:\MATLAB2015SETUP\BIN\CLANDMARK-MASTER\BUILD\LIBCLANDMARK\CMAKEFILES\GENERATE.STAMP
D:\MATLAB2015SETUP\BIN\CLANDMARK-MASTER\BUILD\LIBCLANDMARK\RELEASE\CLANDMARK.DLL
D:\matlab2015setup\bin\clandmark-master\build\libclandmark\clandmark.dir\Release\CAppearanceModel.obj
D:\matlab2015setup\bin\clandmark-master\build\libclandmark\clandmark.dir\Release\CDeformationCost.obj
D:\matlab2015setup\bin\clandmark-master\build\libclandmark\clandmark.dir\Release\CFeaturePool.obj
D:\matlab2015setup\bin\clandmark-master\build\libclandmark\clandmark.dir\Release\CFeatures.obj
D:\matlab2015setup\bin\clandmark-master\build\libclandmark\clandmark.dir\Release\CLandmark.obj
D:\matlab2015setup\bin\clandmark-master\build\libclandmark\clandmark.dir\Release\CLoss.obj
D:\matlab2015setup\bin\clandmark-master\build\libclandmark\clandmark.dir\Release\CMaxSumSolver.obj
D:\matlab2015setup\bin\clandmark-master\build\libclandmark\clandmark.dir\Release\CXMLInOut.obj
D:\matlab2015setup\bin\clandmark-master\build\libclandmark\clandmark.dir\Release\cl.command.1.tlog
D:\matlab2015setup\bin\clandmark-master\build\libclandmark\clandmark.dir\Release\CL.read.1.tlog
D:\matlab2015setup\bin\clandmark-master\build\libclandmark\clandmark.dir\Release\CL.write.1.tlog
D:\matlab2015setup\bin\clandmark-master\build\libclandmark\clandmark.dir\Release\custombuild.command.1.tlog
D:\matlab2015setup\bin\clandmark-master\build\libclandmark\clandmark.dir\Release\custombuild.read.1.tlog
D:\matlab2015setup\bin\clandmark-master\build\libclandmark\clandmark.dir\Release\custombuild.write.1.tlog
D:\matlab2015setup\bin\clandmark-master\build\libclandmark\clandmark.dir\Release\link-cvtres.read.1.tlog
D:\matlab2015setup\bin\clandmark-master\build\libclandmark\clandmark.dir\Release\link-cvtres.write.1.tlog
D:\matlab2015setup\bin\clandmark-master\build\libclandmark\clandmark.dir\Release\link-rc.read.1.tlog
D:\matlab2015setup\bin\clandmark-master\build\libclandmark\clandmark.dir\Release\link-rc.write.1.tlog
D:\matlab2015setup\bin\clandmark-master\build\libclandmark\clandmark.dir\Release\link.command.1.tlog
D:\matlab2015setup\bin\clandmark-master\build\libclandmark\clandmark.dir\Release\link.read.1.tlog
D:\matlab2015setup\bin\clandmark-master\build\libclandmark\clandmark.dir\Release\link.write.1.tlog
D:\matlab2015setup\bin\clandmark-master\build\libclandmark\Release\clandmark.dll
