D:\MATLAB2015SETUP\BIN\CLANDMARK-MASTER\BUILD\LIBCLANDMARK\CLANDMARK.DIR\DEBUG\CXMLINOUT.OBJ
D:\MATLAB2015SETUP\BIN\CLANDMARK-MASTER\BUILD\LIBCLANDMARK\CLANDMARK.DIR\DEBUG\CMAXSUMSOLVER.OBJ
D:\MATLAB2015SETUP\BIN\CLANDMARK-MASTER\BUILD\LIBCLANDMARK\CLANDMARK.DIR\DEBUG\CLOSS.OBJ
D:\MATLAB2015SETUP\BIN\CLANDMARK-MASTER\BUILD\LIBCLANDMARK\CLANDMARK.DIR\DEBUG\CDEFORMATIONCOST.OBJ
D:\MATLAB2015SETUP\BIN\CLANDMARK-MASTER\BUILD\LIBCLANDMARK\CLANDMARK.DIR\DEBUG\CAPPEARANCEMODEL.OBJ
D:\MATLAB2015SETUP\BIN\CLANDMARK-MASTER\BUILD\LIBCLANDMARK\CLANDMARK.DIR\DEBUG\CFEATURES.OBJ
D:\MATLAB2015SETUP\BIN\CLANDMARK-MASTER\BUILD\LIBCLANDMARK\CLANDMARK.DIR\DEBUG\CFEATUREPOOL.OBJ
D:\MATLAB2015SETUP\BIN\CLANDMARK-MASTER\BUILD\LIBCLANDMARK\CLANDMARK.DIR\DEBUG\CLANDMARK.OBJ
D:\MATLAB2015SETUP\BIN\CLANDMARK-MASTER\BUILD\LIBCLANDMARK\CLANDMARK.DIR\DEBUG\VC110.PDB
D:\MATLAB2015SETUP\BIN\CLANDMARK-MASTER\BUILD\LIBCLANDMARK\CMAKEFILES\GENERATE.STAMP
D:\MATLAB2015SETUP\BIN\CLANDMARK-MASTER\BUILD\LIBCLANDMARK\DEBUG\CLANDMARK.ILK
D:\MATLAB2015SETUP\BIN\CLANDMARK-MASTER\BUILD\LIBCLANDMARK\DEBUG\CLANDMARK.DLL
D:\MATLAB2015SETUP\BIN\CLANDMARK-MASTER\BUILD\LIBCLANDMARK\DEBUG\CLANDMARK.PDB
D:\matlab2015setup\bin\clandmark-master\build\libclandmark\clandmark.dir\Debug\CAppearanceModel.obj
D:\matlab2015setup\bin\clandmark-master\build\libclandmark\clandmark.dir\Debug\CDeformationCost.obj
D:\matlab2015setup\bin\clandmark-master\build\libclandmark\clandmark.dir\Debug\CFeaturePool.obj
D:\matlab2015setup\bin\clandmark-master\build\libclandmark\clandmark.dir\Debug\CFeatures.obj
D:\matlab2015setup\bin\clandmark-master\build\libclandmark\clandmark.dir\Debug\CLandmark.obj
D:\matlab2015setup\bin\clandmark-master\build\libclandmark\clandmark.dir\Debug\CLoss.obj
D:\matlab2015setup\bin\clandmark-master\build\libclandmark\clandmark.dir\Debug\CMaxSumSolver.obj
D:\matlab2015setup\bin\clandmark-master\build\libclandmark\clandmark.dir\Debug\CXMLInOut.obj
D:\matlab2015setup\bin\clandmark-master\build\libclandmark\clandmark.dir\Debug\cl.command.1.tlog
D:\matlab2015setup\bin\clandmark-master\build\libclandmark\clandmark.dir\Debug\CL.read.1.tlog
D:\matlab2015setup\bin\clandmark-master\build\libclandmark\clandmark.dir\Debug\CL.write.1.tlog
D:\matlab2015setup\bin\clandmark-master\build\libclandmark\clandmark.dir\Debug\custombuild.command.1.tlog
D:\matlab2015setup\bin\clandmark-master\build\libclandmark\clandmark.dir\Debug\custombuild.read.1.tlog
D:\matlab2015setup\bin\clandmark-master\build\libclandmark\clandmark.dir\Debug\custombuild.write.1.tlog
D:\matlab2015setup\bin\clandmark-master\build\libclandmark\clandmark.dir\Debug\link-cvtres.read.1.tlog
D:\matlab2015setup\bin\clandmark-master\build\libclandmark\clandmark.dir\Debug\link-cvtres.write.1.tlog
D:\matlab2015setup\bin\clandmark-master\build\libclandmark\clandmark.dir\Debug\link-rc.read.1.tlog
D:\matlab2015setup\bin\clandmark-master\build\libclandmark\clandmark.dir\Debug\link-rc.write.1.tlog
D:\matlab2015setup\bin\clandmark-master\build\libclandmark\clandmark.dir\Debug\link.command.1.tlog
D:\matlab2015setup\bin\clandmark-master\build\libclandmark\clandmark.dir\Debug\link.read.1.tlog
D:\matlab2015setup\bin\clandmark-master\build\libclandmark\clandmark.dir\Debug\link.write.1.tlog
D:\matlab2015setup\bin\clandmark-master\build\libclandmark\clandmark.dir\Debug\vc110.pdb
D:\matlab2015setup\bin\clandmark-master\build\libclandmark\Debug\clandmark.pdb
D:\matlab2015setup\bin\clandmark-master\build\libclandmark\Debug\clandmark.dll
D:\matlab2015setup\bin\clandmark-master\build\libclandmark\Debug\clandmark.ilk
